1746625242.479624 client started (83118): version 3.5a, socket /tmp/tmux-1000/default, protocol 8
1746625242.479643 on Linux 6.14.2-arch1-1 #1 SMP PREEMPT_DYNAMIC Thu, 10 Apr 2025 18:43:59 +0000
1746625242.479645 using libevent 2.1.12-stable poll
1746625242.479646 using ncurses 6.5 20240427
1746625242.479652 flags are 0x10010000
1746625242.479659 socket is /tmp/tmux-1000/default
1746625242.479663 trying connect
1746625242.479709 add peer 0x6466a452a070: 6 ((nil))
1746625242.479874 sending message 111 to peer 0x6466a452a070 (8 bytes)
1746625242.479878 sending message 111 to peer 0x6466a452a070 (8 bytes)
1746625242.479880 sending message 101 to peer 0x6466a452a070 (12 bytes)
1746625242.479881 sending message 109 to peer 0x6466a452a070 (4 bytes)
1746625242.479882 sending message 102 to peer 0x6466a452a070 (11 bytes)
1746625242.479883 sending message 108 to peer 0x6466a452a070 (25 bytes)
1746625242.479885 sending message 112 to peer 0x6466a452a070 (70 bytes)
1746625242.479886 sending message 112 to peer 0x6466a452a070 (5 bytes)
1746625242.479887 sending message 112 to peer 0x6466a452a070 (6 bytes)
1746625242.479889 sending message 112 to peer 0x6466a452a070 (6 bytes)
1746625242.479890 sending message 112 to peer 0x6466a452a070 (10 bytes)
1746625242.479891 sending message 112 to peer 0x6466a452a070 (13 bytes)
1746625242.479892 sending message 112 to peer 0x6466a452a070 (14 bytes)
1746625242.479894 sending message 112 to peer 0x6466a452a070 (19 bytes)
1746625242.479895 sending message 112 to peer 0x6466a452a070 (11 bytes)
1746625242.479896 sending message 112 to peer 0x6466a452a070 (10 bytes)
1746625242.479897 sending message 112 to peer 0x6466a452a070 (15 bytes)
1746625242.479899 sending message 112 to peer 0x6466a452a070 (21 bytes)
1746625242.479900 sending message 112 to peer 0x6466a452a070 (13 bytes)
1746625242.479901 sending message 112 to peer 0x6466a452a070 (7 bytes)
1746625242.479902 sending message 112 to peer 0x6466a452a070 (13 bytes)
1746625242.479903 sending message 112 to peer 0x6466a452a070 (7 bytes)
1746625242.479905 sending message 112 to peer 0x6466a452a070 (13 bytes)
1746625242.479906 sending message 112 to peer 0x6466a452a070 (9 bytes)
1746625242.479907 sending message 112 to peer 0x6466a452a070 (21 bytes)
1746625242.479908 sending message 112 to peer 0x6466a452a070 (13 bytes)
1746625242.479910 sending message 112 to peer 0x6466a452a070 (9 bytes)
1746625242.479911 sending message 112 to peer 0x6466a452a070 (16 bytes)
1746625242.479912 sending message 112 to peer 0x6466a452a070 (13 bytes)
1746625242.479913 sending message 112 to peer 0x6466a452a070 (9 bytes)
1746625242.479914 sending message 112 to peer 0x6466a452a070 (9 bytes)
1746625242.479916 sending message 112 to peer 0x6466a452a070 (12 bytes)
1746625242.479917 sending message 112 to peer 0x6466a452a070 (8 bytes)
1746625242.479918 sending message 112 to peer 0x6466a452a070 (13 bytes)
1746625242.479919 sending message 112 to peer 0x6466a452a070 (7 bytes)
1746625242.479920 sending message 112 to peer 0x6466a452a070 (7 bytes)
1746625242.479922 sending message 112 to peer 0x6466a452a070 (9 bytes)
1746625242.479923 sending message 112 to peer 0x6466a452a070 (6 bytes)
1746625242.479924 sending message 112 to peer 0x6466a452a070 (9 bytes)
1746625242.479926 sending message 112 to peer 0x6466a452a070 (15 bytes)
1746625242.479927 sending message 112 to peer 0x6466a452a070 (13 bytes)
1746625242.479928 sending message 112 to peer 0x6466a452a070 (12 bytes)
1746625242.479929 sending message 112 to peer 0x6466a452a070 (8 bytes)
1746625242.479930 sending message 112 to peer 0x6466a452a070 (14 bytes)
1746625242.479931 sending message 112 to peer 0x6466a452a070 (9 bytes)
1746625242.479933 sending message 112 to peer 0x6466a452a070 (10 bytes)
1746625242.479934 sending message 112 to peer 0x6466a452a070 (10 bytes)
1746625242.479935 sending message 112 to peer 0x6466a452a070 (10 bytes)
1746625242.479936 sending message 112 to peer 0x6466a452a070 (10 bytes)
1746625242.479938 sending message 112 to peer 0x6466a452a070 (11 bytes)
1746625242.479939 sending message 112 to peer 0x6466a452a070 (12 bytes)
1746625242.479944 sending message 112 to peer 0x6466a452a070 (12 bytes)
1746625242.479945 sending message 112 to peer 0x6466a452a070 (12 bytes)
1746625242.479946 sending message 112 to peer 0x6466a452a070 (12 bytes)
1746625242.479948 sending message 112 to peer 0x6466a452a070 (12 bytes)
1746625242.479949 sending message 112 to peer 0x6466a452a070 (11 bytes)
1746625242.479950 sending message 112 to peer 0x6466a452a070 (11 bytes)
1746625242.479951 sending message 112 to peer 0x6466a452a070 (12 bytes)
1746625242.479953 sending message 112 to peer 0x6466a452a070 (12 bytes)
1746625242.479954 sending message 112 to peer 0x6466a452a070 (12 bytes)
1746625242.479955 sending message 112 to peer 0x6466a452a070 (12 bytes)
1746625242.479956 sending message 112 to peer 0x6466a452a070 (12 bytes)
1746625242.479957 sending message 112 to peer 0x6466a452a070 (9 bytes)
1746625242.479959 sending message 112 to peer 0x6466a452a070 (12 bytes)
1746625242.479960 sending message 112 to peer 0x6466a452a070 (13 bytes)
1746625242.479961 sending message 112 to peer 0x6466a452a070 (13 bytes)
1746625242.479962 sending message 112 to peer 0x6466a452a070 (13 bytes)
1746625242.479963 sending message 112 to peer 0x6466a452a070 (13 bytes)
1746625242.479965 sending message 112 to peer 0x6466a452a070 (13 bytes)
1746625242.479966 sending message 112 to peer 0x6466a452a070 (8 bytes)
1746625242.479967 sending message 112 to peer 0x6466a452a070 (11 bytes)
1746625242.479969 sending message 112 to peer 0x6466a452a070 (11 bytes)
1746625242.479970 sending message 112 to peer 0x6466a452a070 (11 bytes)
1746625242.479971 sending message 112 to peer 0x6466a452a070 (12 bytes)
1746625242.479972 sending message 112 to peer 0x6466a452a070 (12 bytes)
1746625242.479973 sending message 112 to peer 0x6466a452a070 (13 bytes)
1746625242.479975 sending message 112 to peer 0x6466a452a070 (12 bytes)
1746625242.479976 sending message 112 to peer 0x6466a452a070 (13 bytes)
1746625242.479977 sending message 112 to peer 0x6466a452a070 (13 bytes)
1746625242.479978 sending message 112 to peer 0x6466a452a070 (13 bytes)
1746625242.479980 sending message 112 to peer 0x6466a452a070 (8 bytes)
1746625242.479981 sending message 112 to peer 0x6466a452a070 (13 bytes)
1746625242.479982 sending message 112 to peer 0x6466a452a070 (13 bytes)
1746625242.479983 sending message 112 to peer 0x6466a452a070 (13 bytes)
1746625242.479984 sending message 112 to peer 0x6466a452a070 (13 bytes)
1746625242.479986 sending message 112 to peer 0x6466a452a070 (13 bytes)
1746625242.479987 sending message 112 to peer 0x6466a452a070 (12 bytes)
1746625242.479988 sending message 112 to peer 0x6466a452a070 (12 bytes)
1746625242.479989 sending message 112 to peer 0x6466a452a070 (13 bytes)
1746625242.479991 sending message 112 to peer 0x6466a452a070 (12 bytes)
1746625242.479992 sending message 112 to peer 0x6466a452a070 (13 bytes)
1746625242.479993 sending message 112 to peer 0x6466a452a070 (8 bytes)
1746625242.479994 sending message 112 to peer 0x6466a452a070 (13 bytes)
1746625242.479996 sending message 112 to peer 0x6466a452a070 (13 bytes)
1746625242.479997 sending message 112 to peer 0x6466a452a070 (13 bytes)
1746625242.479998 sending message 112 to peer 0x6466a452a070 (13 bytes)
1746625242.479999 sending message 112 to peer 0x6466a452a070 (13 bytes)
1746625242.480000 sending message 112 to peer 0x6466a452a070 (13 bytes)
1746625242.480002 sending message 112 to peer 0x6466a452a070 (13 bytes)
1746625242.480003 sending message 112 to peer 0x6466a452a070 (12 bytes)
1746625242.480004 sending message 112 to peer 0x6466a452a070 (12 bytes)
1746625242.480005 sending message 112 to peer 0x6466a452a070 (13 bytes)
1746625242.480006 sending message 112 to peer 0x6466a452a070 (8 bytes)
1746625242.480008 sending message 112 to peer 0x6466a452a070 (12 bytes)
1746625242.480009 sending message 112 to peer 0x6466a452a070 (13 bytes)
1746625242.480010 sending message 112 to peer 0x6466a452a070 (13 bytes)
1746625242.480011 sending message 112 to peer 0x6466a452a070 (13 bytes)
1746625242.480013 sending message 112 to peer 0x6466a452a070 (13 bytes)
1746625242.480015 sending message 112 to peer 0x6466a452a070 (13 bytes)
1746625242.480017 sending message 112 to peer 0x6466a452a070 (13 bytes)
1746625242.480018 sending message 112 to peer 0x6466a452a070 (13 bytes)
1746625242.480019 sending message 112 to peer 0x6466a452a070 (13 bytes)
1746625242.480021 sending message 112 to peer 0x6466a452a070 (12 bytes)
1746625242.480022 sending message 112 to peer 0x6466a452a070 (10 bytes)
1746625242.480023 sending message 112 to peer 0x6466a452a070 (12 bytes)
1746625242.480024 sending message 112 to peer 0x6466a452a070 (13 bytes)
1746625242.480025 sending message 112 to peer 0x6466a452a070 (12 bytes)
1746625242.480027 sending message 112 to peer 0x6466a452a070 (13 bytes)
1746625242.480028 sending message 112 to peer 0x6466a452a070 (13 bytes)
1746625242.480029 sending message 112 to peer 0x6466a452a070 (13 bytes)
1746625242.480030 sending message 112 to peer 0x6466a452a070 (13 bytes)
1746625242.480031 sending message 112 to peer 0x6466a452a070 (13 bytes)
1746625242.480033 sending message 112 to peer 0x6466a452a070 (13 bytes)
1746625242.480034 sending message 112 to peer 0x6466a452a070 (13 bytes)
1746625242.480035 sending message 112 to peer 0x6466a452a070 (10 bytes)
1746625242.480036 sending message 112 to peer 0x6466a452a070 (13 bytes)
1746625242.480037 sending message 112 to peer 0x6466a452a070 (12 bytes)
1746625242.480039 sending message 112 to peer 0x6466a452a070 (12 bytes)
1746625242.480040 sending message 112 to peer 0x6466a452a070 (13 bytes)
1746625242.480041 sending message 112 to peer 0x6466a452a070 (10 bytes)
1746625242.480042 sending message 112 to peer 0x6466a452a070 (10 bytes)
1746625242.480043 sending message 112 to peer 0x6466a452a070 (10 bytes)
1746625242.480045 sending message 112 to peer 0x6466a452a070 (12 bytes)
1746625242.480046 sending message 112 to peer 0x6466a452a070 (13 bytes)
1746625242.480047 sending message 112 to peer 0x6466a452a070 (13 bytes)
1746625242.480048 sending message 112 to peer 0x6466a452a070 (13 bytes)
1746625242.480050 sending message 112 to peer 0x6466a452a070 (13 bytes)
1746625242.480051 sending message 112 to peer 0x6466a452a070 (13 bytes)
1746625242.480052 sending message 112 to peer 0x6466a452a070 (10 bytes)
1746625242.480053 sending message 112 to peer 0x6466a452a070 (11 bytes)
1746625242.480054 sending message 112 to peer 0x6466a452a070 (12 bytes)
1746625242.480056 sending message 112 to peer 0x6466a452a070 (12 bytes)
1746625242.480057 sending message 112 to peer 0x6466a452a070 (12 bytes)
1746625242.480058 sending message 112 to peer 0x6466a452a070 (12 bytes)
1746625242.480059 sending message 112 to peer 0x6466a452a070 (12 bytes)
1746625242.480061 sending message 112 to peer 0x6466a452a070 (11 bytes)
1746625242.480062 sending message 112 to peer 0x6466a452a070 (12 bytes)
1746625242.480063 sending message 112 to peer 0x6466a452a070 (12 bytes)
1746625242.480064 sending message 112 to peer 0x6466a452a070 (13 bytes)
1746625242.480065 sending message 112 to peer 0x6466a452a070 (13 bytes)
1746625242.480067 sending message 112 to peer 0x6466a452a070 (13 bytes)
1746625242.480068 sending message 112 to peer 0x6466a452a070 (13 bytes)
1746625242.480069 sending message 112 to peer 0x6466a452a070 (13 bytes)
1746625242.480070 sending message 112 to peer 0x6466a452a070 (10 bytes)
1746625242.480071 sending message 112 to peer 0x6466a452a070 (9 bytes)
1746625242.480073 sending message 112 to peer 0x6466a452a070 (12 bytes)
1746625242.480074 sending message 112 to peer 0x6466a452a070 (13 bytes)
1746625242.480075 sending message 112 to peer 0x6466a452a070 (13 bytes)
1746625242.480076 sending message 112 to peer 0x6466a452a070 (13 bytes)
1746625242.480078 sending message 112 to peer 0x6466a452a070 (13 bytes)
1746625242.480079 sending message 112 to peer 0x6466a452a070 (13 bytes)
1746625242.480080 sending message 112 to peer 0x6466a452a070 (9 bytes)
1746625242.480081 sending message 112 to peer 0x6466a452a070 (12 bytes)
1746625242.480082 sending message 112 to peer 0x6466a452a070 (13 bytes)
1746625242.480084 sending message 112 to peer 0x6466a452a070 (13 bytes)
1746625242.480086 sending message 112 to peer 0x6466a452a070 (13 bytes)
1746625242.480087 sending message 112 to peer 0x6466a452a070 (13 bytes)
1746625242.480089 sending message 112 to peer 0x6466a452a070 (13 bytes)
1746625242.480090 sending message 112 to peer 0x6466a452a070 (11 bytes)
1746625242.480091 sending message 112 to peer 0x6466a452a070 (12 bytes)
1746625242.480092 sending message 112 to peer 0x6466a452a070 (13 bytes)
1746625242.480094 sending message 112 to peer 0x6466a452a070 (13 bytes)
1746625242.480095 sending message 112 to peer 0x6466a452a070 (13 bytes)
1746625242.480096 sending message 112 to peer 0x6466a452a070 (13 bytes)
1746625242.480097 sending message 112 to peer 0x6466a452a070 (13 bytes)
1746625242.480099 sending message 112 to peer 0x6466a452a070 (11 bytes)
1746625242.480100 sending message 112 to peer 0x6466a452a070 (12 bytes)
1746625242.480101 sending message 112 to peer 0x6466a452a070 (12 bytes)
1746625242.480102 sending message 112 to peer 0x6466a452a070 (12 bytes)
1746625242.480103 sending message 112 to peer 0x6466a452a070 (12 bytes)
1746625242.480105 sending message 112 to peer 0x6466a452a070 (12 bytes)
1746625242.480106 sending message 112 to peer 0x6466a452a070 (22 bytes)
1746625242.480107 sending message 112 to peer 0x6466a452a070 (12 bytes)
1746625242.480108 sending message 112 to peer 0x6466a452a070 (9 bytes)
1746625242.480110 sending message 112 to peer 0x6466a452a070 (6 bytes)
1746625242.480111 sending message 112 to peer 0x6466a452a070 (13 bytes)
1746625242.480112 sending message 112 to peer 0x6466a452a070 (10 bytes)
1746625242.480113 sending message 112 to peer 0x6466a452a070 (15 bytes)
1746625242.480115 sending message 112 to peer 0x6466a452a070 (11 bytes)
1746625242.480116 sending message 112 to peer 0x6466a452a070 (9 bytes)
1746625242.480117 sending message 112 to peer 0x6466a452a070 (70 bytes)
1746625242.480118 sending message 112 to peer 0x6466a452a070 (69 bytes)
1746625242.480120 sending message 112 to peer 0x6466a452a070 (34 bytes)
1746625242.480121 sending message 112 to peer 0x6466a452a070 (34 bytes)
1746625242.480122 sending message 112 to peer 0x6466a452a070 (69 bytes)
1746625242.480124 sending message 112 to peer 0x6466a452a070 (12 bytes)
1746625242.480125 sending message 112 to peer 0x6466a452a070 (10 bytes)
1746625242.480126 sending message 112 to peer 0x6466a452a070 (10 bytes)
1746625242.480128 sending message 112 to peer 0x6466a452a070 (15 bytes)
1746625242.480129 sending message 112 to peer 0x6466a452a070 (11 bytes)
1746625242.480130 sending message 112 to peer 0x6466a452a070 (10 bytes)
1746625242.480131 sending message 112 to peer 0x6466a452a070 (10 bytes)
1746625242.480133 sending message 112 to peer 0x6466a452a070 (17 bytes)
1746625242.480134 sending message 112 to peer 0x6466a452a070 (10 bytes)
1746625242.480135 sending message 112 to peer 0x6466a452a070 (13 bytes)
1746625242.480136 sending message 112 to peer 0x6466a452a070 (17 bytes)
1746625242.480138 sending message 112 to peer 0x6466a452a070 (5 bytes)
1746625242.480139 sending message 112 to peer 0x6466a452a070 (9 bytes)
1746625242.480140 sending message 112 to peer 0x6466a452a070 (15 bytes)
1746625242.480142 sending message 104 to peer 0x6466a452a070 (0 bytes)
1746625242.480144 sending message 110 to peer 0x6466a452a070 (0 bytes)
1746625242.480145 sending message 107 to peer 0x6466a452a070 (4 bytes)
1746625242.480147 sending message 105 to peer 0x6466a452a070 (20 bytes)
1746625242.480148 sending message 105 to peer 0x6466a452a070 (41 bytes)
1746625242.480149 sending message 105 to peer 0x6466a452a070 (20 bytes)
1746625242.480151 sending message 105 to peer 0x6466a452a070 (54 bytes)
1746625242.480152 sending message 105 to peer 0x6466a452a070 (50 bytes)
1746625242.480153 sending message 105 to peer 0x6466a452a070 (11 bytes)
1746625242.480154 sending message 105 to peer 0x6466a452a070 (28 bytes)
1746625242.480156 sending message 105 to peer 0x6466a452a070 (12 bytes)
1746625242.480157 sending message 105 to peer 0x6466a452a070 (73 bytes)
1746625242.480158 sending message 105 to peer 0x6466a452a070 (65 bytes)
1746625242.480161 sending message 105 to peer 0x6466a452a070 (66 bytes)
1746625242.480162 sending message 105 to peer 0x6466a452a070 (20 bytes)
1746625242.480164 sending message 105 to peer 0x6466a452a070 (35 bytes)
1746625242.480165 sending message 105 to peer 0x6466a452a070 (17 bytes)
1746625242.480167 sending message 105 to peer 0x6466a452a070 (22 bytes)
1746625242.480168 sending message 105 to peer 0x6466a452a070 (91 bytes)
1746625242.480169 sending message 105 to peer 0x6466a452a070 (19 bytes)
1746625242.480171 sending message 105 to peer 0x6466a452a070 (38 bytes)
1746625242.480172 sending message 105 to peer 0x6466a452a070 (16 bytes)
1746625242.480173 sending message 105 to peer 0x6466a452a070 (60 bytes)
1746625242.480174 sending message 105 to peer 0x6466a452a070 (18 bytes)
1746625242.480176 sending message 105 to peer 0x6466a452a070 (17 bytes)
1746625242.480177 sending message 105 to peer 0x6466a452a070 (19 bytes)
1746625242.480178 sending message 105 to peer 0x6466a452a070 (116 bytes)
1746625242.480180 sending message 105 to peer 0x6466a452a070 (8 bytes)
1746625242.480181 sending message 105 to peer 0x6466a452a070 (25 bytes)
1746625242.480182 sending message 105 to peer 0x6466a452a070 (14 bytes)
1746625242.480184 sending message 105 to peer 0x6466a452a070 (32 bytes)
1746625242.480185 sending message 105 to peer 0x6466a452a070 (1917 bytes)
1746625242.480194 sending message 105 to peer 0x6466a452a070 (27 bytes)
1746625242.480196 sending message 105 to peer 0x6466a452a070 (34 bytes)
1746625242.480197 sending message 105 to peer 0x6466a452a070 (15 bytes)
1746625242.480199 sending message 105 to peer 0x6466a452a070 (21 bytes)
1746625242.480200 sending message 105 to peer 0x6466a452a070 (27 bytes)
1746625242.480201 sending message 105 to peer 0x6466a452a070 (19 bytes)
1746625242.480203 sending message 105 to peer 0x6466a452a070 (11 bytes)
1746625242.480204 sending message 105 to peer 0x6466a452a070 (556 bytes)
1746625242.480205 sending message 105 to peer 0x6466a452a070 (29 bytes)
1746625242.480207 sending message 105 to peer 0x6466a452a070 (19 bytes)
1746625242.480208 sending message 105 to peer 0x6466a452a070 (24 bytes)
1746625242.480209 sending message 105 to peer 0x6466a452a070 (27 bytes)
1746625242.480210 sending message 105 to peer 0x6466a452a070 (20 bytes)
1746625242.480212 sending message 105 to peer 0x6466a452a070 (20 bytes)
1746625242.480213 sending message 105 to peer 0x6466a452a070 (8 bytes)
1746625242.480214 sending message 105 to peer 0x6466a452a070 (38 bytes)
1746625242.480216 sending message 105 to peer 0x6466a452a070 (19 bytes)
1746625242.480217 sending message 105 to peer 0x6466a452a070 (51 bytes)
1746625242.480218 sending message 105 to peer 0x6466a452a070 (17 bytes)
1746625242.480220 sending message 105 to peer 0x6466a452a070 (33 bytes)
1746625242.480221 sending message 105 to peer 0x6466a452a070 (18 bytes)
1746625242.480222 sending message 105 to peer 0x6466a452a070 (26 bytes)
1746625242.480223 sending message 105 to peer 0x6466a452a070 (36 bytes)
1746625242.480225 sending message 105 to peer 0x6466a452a070 (13 bytes)
1746625242.480226 sending message 105 to peer 0x6466a452a070 (59 bytes)
1746625242.480227 sending message 105 to peer 0x6466a452a070 (11 bytes)
1746625242.480228 sending message 105 to peer 0x6466a452a070 (26 bytes)
1746625242.480230 sending message 105 to peer 0x6466a452a070 (20 bytes)
1746625242.480231 sending message 105 to peer 0x6466a452a070 (29 bytes)
1746625242.480232 sending message 105 to peer 0x6466a452a070 (120 bytes)
1746625242.480234 sending message 105 to peer 0x6466a452a070 (31 bytes)
1746625242.480235 sending message 105 to peer 0x6466a452a070 (15 bytes)
1746625242.480236 sending message 105 to peer 0x6466a452a070 (23 bytes)
1746625242.480238 sending message 105 to peer 0x6466a452a070 (17 bytes)
1746625242.480239 sending message 105 to peer 0x6466a452a070 (25 bytes)
1746625242.480240 sending message 105 to peer 0x6466a452a070 (11 bytes)
1746625242.480241 sending message 105 to peer 0x6466a452a070 (21 bytes)
1746625242.480242 sending message 105 to peer 0x6466a452a070 (27 bytes)
1746625242.480248 sending message 105 to peer 0x6466a452a070 (16 bytes)
1746625242.480249 sending message 105 to peer 0x6466a452a070 (30 bytes)
1746625242.480251 sending message 105 to peer 0x6466a452a070 (33 bytes)
1746625242.480252 sending message 105 to peer 0x6466a452a070 (35 bytes)
1746625242.480253 sending message 106 to peer 0x6466a452a070 (0 bytes)
1746625242.480283 sending message 200 to peer 0x6466a452a070 (4 bytes)
1746625242.480284 client loop enter
1746625242.480512 peer 0x6466a452a070 message 303
1746625242.480516 open write file 2 -
1746625242.480519 sending message 305 to peer 0x6466a452a070 (8 bytes)
1746625242.480526 write check file 2
1746625242.480618 peer 0x6466a452a070 message 304
1746625242.480622 write 58 to file 2
1746625242.480624 peer 0x6466a452a070 message 203
1746625242.480625 file 2 58 bytes left
1746625242.480632 write check file 2
1746625242.480634 client loop exit
