2024-06-06 14:29:49 Loading main app package /usr/lib/obsidian/obsidian.asar
2024-06-06 14:29:50 Checking for update using Github
2024-06-06 14:29:50 Success.
2024-06-06 14:29:50 Latest version is 1.5.12
2024-06-06 14:29:50 App is up to date.
2024-06-12 12:12:08 Loading main app package /usr/lib/obsidian/obsidian.asar
2024-06-12 12:12:08 Checking for update using Github
2024-06-12 12:12:09 Success.
2024-06-12 12:12:09 Latest version is 1.6.3
2024-06-12 12:12:09 Downloading update from https://github.com/obsidianmd/obsidian-releases/releases/download/v1.6.3/obsidian-1.6.3.asar.gz
2024-06-12 12:12:12 Verifying hash & signature. Size= 8794449
2024-06-12 12:12:12 Saving file
2024-06-12 12:12:13 Update complete.
2024-06-14 15:42:58 Loading updated app package /home/tommy/.config/obsidian/obsidian-1.6.3.asar
2024-06-14 15:42:58 Checking for update using Github
2024-06-14 15:42:59 Success.
2024-06-14 15:42:59 Latest version is 1.6.3
2024-06-14 15:42:59 App is up to date.
2024-06-14 16:13:51 Loading updated app package /home/tommy/.config/obsidian/obsidian-1.6.3.asar
2024-06-14 16:13:51 Checking for update using Github
2024-06-14 16:13:51 Success.
2024-06-14 16:13:51 Latest version is 1.6.3
2024-06-14 16:13:51 App is up to date.
2024-06-15 19:27:00 Loading updated app package /home/tommy/.config/obsidian/obsidian-1.6.3.asar
2024-06-15 19:27:00 Checking for update using Github
2024-06-15 19:27:00 Success.
2024-06-15 19:27:00 Latest version is 1.6.3
2024-06-15 19:27:00 App is up to date.
2024-06-16 16:06:20 Loading updated app package /home/tommy/.config/obsidian/obsidian-1.6.3.asar
2024-06-16 16:06:20 Checking for update using Github
2024-06-16 16:06:21 Success.
2024-06-16 16:06:21 Latest version is 1.6.3
2024-06-16 16:06:21 App is up to date.
2024-06-16 16:09:19 Loading updated app package /home/tommy/.config/obsidian/obsidian-1.6.3.asar
2024-06-16 16:09:19 Checking for update using Github
2024-06-16 16:09:19 Success.
2024-06-16 16:09:19 Latest version is 1.6.3
2024-06-16 16:09:19 App is up to date.
2024-06-16 16:56:29 Loading updated app package /home/tommy/.config/obsidian/obsidian-1.6.3.asar
2024-06-16 16:56:30 Checking for update using Github
2024-06-16 16:56:31 Success.
2024-06-16 16:56:31 Latest version is 1.6.3
2024-06-16 16:56:31 App is up to date.
2024-06-16 16:57:14 Loading updated app package /home/tommy/.config/obsidian/obsidian-1.6.3.asar
2024-06-16 16:57:15 Checking for update using Github
2024-06-16 16:57:15 Success.
2024-06-16 16:57:15 Latest version is 1.6.3
2024-06-16 16:57:15 App is up to date.
2024-06-16 17:04:01 Loading updated app package /home/tommy/.config/obsidian/obsidian-1.6.3.asar
2024-06-16 17:04:01 Checking for update using Github
2024-06-16 17:04:02 Success.
2024-06-16 17:04:02 Latest version is 1.6.3
2024-06-16 17:04:02 App is up to date.
2024-06-16 17:04:25 Loading updated app package /home/tommy/.config/obsidian/obsidian-1.6.3.asar
2024-06-16 17:04:25 Checking for update using Github
2024-06-16 17:04:25 Success.
2024-06-16 17:04:25 Latest version is 1.6.3
2024-06-16 17:04:25 App is up to date.
2024-06-17 14:51:24 Loading updated app package /home/tommy/.config/obsidian/obsidian-1.6.3.asar
2024-06-17 14:51:24 Checking for update using Github
2024-06-17 14:51:24 Success.
2024-06-17 14:51:24 Latest version is 1.6.3
2024-06-17 14:51:24 App is up to date.
2024-06-17 15:51:24 Checking for update using Github
2024-06-17 15:51:24 Success.
2024-06-17 15:51:24 Latest version is 1.6.3
2024-06-17 15:51:24 App is up to date.
2024-06-17 18:17:14 Loading updated app package /home/tommy/.config/obsidian/obsidian-1.6.3.asar
2024-06-17 18:17:14 Checking for update using Github
2024-06-17 18:17:16 Success.
2024-06-17 18:17:16 Latest version is 1.6.3
2024-06-17 18:17:16 App is up to date.
2024-06-17 18:18:46 Loading updated app package /home/tommy/.config/obsidian/obsidian-1.6.3.asar
2024-06-17 18:18:46 Checking for update using Github
2024-06-17 18:18:46 Success.
2024-06-17 18:18:46 Latest version is 1.6.3
2024-06-17 18:18:46 App is up to date.
2024-06-17 18:19:38 Loading updated app package /home/tommy/.config/obsidian/obsidian-1.6.3.asar
2024-06-17 18:19:39 Checking for update using Github
2024-06-17 18:19:39 Success.
2024-06-17 18:19:39 Latest version is 1.6.3
2024-06-17 18:19:39 App is up to date.
2024-06-17 18:21:54 Loading updated app package /home/tommy/.config/obsidian/obsidian-1.6.3.asar
2024-06-17 18:21:54 Checking for update using Github
2024-06-17 18:22:39 Loading updated app package /home/tommy/.config/obsidian/obsidian-1.6.3.asar
2024-06-17 18:22:39 Checking for update using Github
2024-06-17 18:22:39 Success.
2024-06-17 18:22:39 Latest version is 1.6.3
2024-06-17 18:22:39 App is up to date.
2024-06-17 18:23:04 Loading updated app package /home/tommy/.config/obsidian/obsidian-1.6.3.asar
2024-06-17 18:23:05 Checking for update using Github
2024-06-17 18:23:05 Success.
2024-06-17 18:23:05 Latest version is 1.6.3
2024-06-17 18:23:05 App is up to date.
2024-06-17 18:24:50 Loading updated app package /home/tommy/.config/obsidian/obsidian-1.6.3.asar
2024-06-17 18:24:51 Checking for update using Github
2024-06-17 18:24:51 Success.
2024-06-17 18:24:51 Latest version is 1.6.3
2024-06-17 18:24:51 App is up to date.
2024-06-17 18:26:02 Loading updated app package /home/tommy/.config/obsidian/obsidian-1.6.3.asar
2024-06-17 18:26:03 Checking for update using Github
2024-06-17 18:26:03 Success.
2024-06-17 18:26:03 Latest version is 1.6.3
2024-06-17 18:26:03 App is up to date.
2024-06-17 18:29:00 Loading updated app package /home/tommy/.config/obsidian/obsidian-1.6.3.asar
2024-06-17 18:29:00 Checking for update using Github
2024-06-17 18:29:00 Success.
2024-06-17 18:29:00 Latest version is 1.6.3
2024-06-17 18:29:00 App is up to date.
2024-06-23 20:44:30 Loading updated app package /home/tommy/.config/obsidian/obsidian-1.6.3.asar
2024-06-23 20:44:30 Checking for update using Github
2024-06-23 20:44:31 Success.
2024-06-23 20:44:31 Latest version is 1.6.3
2024-06-23 20:44:31 App is up to date.
2024-06-23 20:46:48 Loading updated app package /home/tommy/.config/obsidian/obsidian-1.6.3.asar
2024-06-23 20:46:48 Checking for update using Github
2024-06-23 20:46:49 Success.
2024-06-23 20:46:49 Latest version is 1.6.3
2024-06-23 20:46:49 App is up to date.
2024-07-07 15:57:18 Loading main app package /usr/lib/obsidian/obsidian.asar
2024-07-07 15:57:18 Checking for update using Github
2024-07-07 15:58:36 Failed to check for update using Github (net::ERR_NAME_NOT_RESOLVED)
2024-07-07 15:58:36 Checking for update using obsidian.md
2024-07-07 15:59:39 Failed to check for update using obsidian.md (net::ERR_NAME_NOT_RESOLVED)
2024-07-07 16:57:18 Checking for update using Github
2024-07-07 16:57:18 Success.
2024-07-07 16:57:18 Latest version is 1.6.5
2024-07-07 16:57:18 App is up to date.
2024-07-07 17:57:18 Checking for update using Github
2024-07-07 17:57:18 Success.
2024-07-07 17:57:18 Latest version is 1.6.5
2024-07-07 17:57:18 App is up to date.
2024-07-07 18:57:18 Checking for update using Github
2024-07-07 18:57:18 Success.
2024-07-07 18:57:18 Latest version is 1.6.5
2024-07-07 18:57:18 App is up to date.
2024-07-07 19:57:18 Checking for update using Github
2024-07-07 19:57:18 Success.
2024-07-07 19:57:18 Latest version is 1.6.5
2024-07-07 19:57:18 App is up to date.
2024-07-07 20:57:18 Checking for update using Github
2024-07-07 20:57:18 Success.
2024-07-07 20:57:18 Latest version is 1.6.5
2024-07-07 20:57:18 App is up to date.
2024-07-07 21:57:18 Checking for update using Github
2024-07-07 21:57:18 Success.
2024-07-07 21:57:18 Latest version is 1.6.5
2024-07-07 21:57:18 App is up to date.
2024-07-07 22:57:18 Checking for update using Github
2024-07-07 22:57:18 Success.
2024-07-07 22:57:18 Latest version is 1.6.5
2024-07-07 22:57:18 App is up to date.
2024-07-07 23:57:18 Checking for update using Github
2024-07-07 23:57:18 Success.
2024-07-07 23:57:18 Latest version is 1.6.5
2024-07-07 23:57:18 App is up to date.
2024-07-08 00:57:18 Checking for update using Github
2024-07-08 00:57:18 Success.
2024-07-08 00:57:18 Latest version is 1.6.5
2024-07-08 00:57:18 App is up to date.
2024-07-08 01:57:18 Checking for update using Github
2024-07-08 01:57:18 Success.
2024-07-08 01:57:18 Latest version is 1.6.5
2024-07-08 01:57:18 App is up to date.
2024-07-08 18:52:10 Loading main app package /usr/lib/obsidian/obsidian.asar
2024-07-08 18:52:10 Checking for update using Github
2024-07-08 18:52:11 Success.
2024-07-08 18:52:11 Latest version is 1.6.5
2024-07-08 18:52:11 App is up to date.
2024-07-08 19:35:52 Loading main app package /usr/lib/obsidian/obsidian.asar
2024-07-08 19:35:53 Checking for update using Github
2024-07-08 19:35:53 Success.
2024-07-08 19:35:53 Latest version is 1.6.5
2024-07-08 19:35:53 App is up to date.
2024-07-08 20:35:52 Checking for update using Github
2024-07-08 20:35:53 Success.
2024-07-08 20:35:53 Latest version is 1.6.5
2024-07-08 20:35:53 App is up to date.
2024-07-08 21:35:52 Checking for update using Github
2024-07-08 21:35:53 Success.
2024-07-08 21:35:53 Latest version is 1.6.5
2024-07-08 21:35:53 App is up to date.
2024-07-08 22:35:52 Checking for update using Github
2024-07-08 22:35:53 Success.
2024-07-08 22:35:53 Latest version is 1.6.5
2024-07-08 22:35:53 App is up to date.
2024-07-08 23:35:53 Checking for update using Github
2024-07-08 23:35:53 Success.
2024-07-08 23:35:53 Latest version is 1.6.5
2024-07-08 23:35:53 App is up to date.
2024-07-09 00:35:53 Checking for update using Github
2024-07-09 00:35:53 Success.
2024-07-09 00:35:53 Latest version is 1.6.5
2024-07-09 00:35:53 App is up to date.
2024-07-09 01:35:53 Checking for update using Github
2024-07-09 01:35:53 Success.
2024-07-09 01:35:53 Latest version is 1.6.5
2024-07-09 01:35:53 App is up to date.
2024-07-09 15:22:48 Loading main app package /usr/lib/obsidian/obsidian.asar
2024-07-09 15:22:48 Checking for update using Github
2024-07-09 15:22:49 Success.
2024-07-09 15:22:49 Latest version is 1.6.5
2024-07-09 15:22:49 App is up to date.
2024-07-09 16:22:48 Checking for update using Github
2024-07-09 16:22:48 Success.
2024-07-09 16:22:48 Latest version is 1.6.5
2024-07-09 16:22:48 App is up to date.
2024-07-09 17:22:48 Checking for update using Github
2024-07-09 17:22:48 Success.
2024-07-09 17:22:48 Latest version is 1.6.5
2024-07-09 17:22:48 App is up to date.
2024-07-09 18:22:48 Checking for update using Github
2024-07-09 18:22:48 Success.
2024-07-09 18:22:48 Latest version is 1.6.5
2024-07-09 18:22:48 App is up to date.
2024-07-09 19:22:48 Checking for update using Github
2024-07-09 19:22:48 Success.
2024-07-09 19:22:48 Latest version is 1.6.5
2024-07-09 19:22:48 App is up to date.
2024-07-09 20:22:48 Checking for update using Github
2024-07-09 20:22:48 Success.
2024-07-09 20:22:48 Latest version is 1.6.5
2024-07-09 20:22:48 App is up to date.
2024-07-09 21:13:24 Loading main app package /usr/lib/obsidian/obsidian.asar
2024-07-09 21:13:25 Checking for update using Github
2024-07-09 21:13:26 Success.
2024-07-09 21:13:26 Latest version is 1.6.5
2024-07-09 21:13:26 App is up to date.
2024-07-09 22:13:24 Checking for update using Github
2024-07-09 22:13:25 Success.
2024-07-09 22:13:25 Latest version is 1.6.5
2024-07-09 22:13:25 App is up to date.
2024-07-09 23:13:24 Checking for update using Github
2024-07-09 23:13:25 Success.
2024-07-09 23:13:25 Latest version is 1.6.5
2024-07-09 23:13:25 App is up to date.
2024-07-10 00:13:25 Checking for update using Github
2024-07-10 00:13:25 Success.
2024-07-10 00:13:25 Latest version is 1.6.5
2024-07-10 00:13:25 App is up to date.
2024-07-10 13:02:27 Loading main app package /usr/lib/obsidian/obsidian.asar
2024-07-10 13:02:27 Checking for update using Github
2024-07-10 13:02:28 Success.
2024-07-10 13:02:28 Latest version is 1.6.5
2024-07-10 13:02:28 App is up to date.
2024-07-10 14:02:27 Checking for update using Github
2024-07-10 14:02:27 Success.
2024-07-10 14:02:27 Latest version is 1.6.5
2024-07-10 14:02:27 App is up to date.
2024-07-10 15:02:27 Checking for update using Github
2024-07-10 15:02:27 Success.
2024-07-10 15:02:27 Latest version is 1.6.5
2024-07-10 15:02:27 App is up to date.
2024-07-10 23:05:01 Loading main app package /usr/lib/obsidian/obsidian.asar
2024-07-10 23:05:01 Checking for update using Github
2024-07-10 23:05:02 Success.
2024-07-10 23:05:02 Latest version is 1.6.5
2024-07-10 23:05:02 App is up to date.
2024-07-10 23:08:06 Loading main app package /usr/lib/obsidian/obsidian.asar
2024-07-10 23:08:06 Checking for update using Github
2024-07-10 23:08:06 Success.
2024-07-10 23:08:06 Latest version is 1.6.5
2024-07-10 23:08:06 App is up to date.
2024-07-11 10:57:50 Loading main app package /usr/lib/obsidian/obsidian.asar
2024-07-11 10:57:51 Checking for update using Github
2024-07-11 10:57:51 Success.
2024-07-11 10:57:51 Latest version is 1.6.5
2024-07-11 10:57:51 App is up to date.
2024-07-11 11:57:50 Checking for update using Github
2024-07-11 11:57:50 Success.
2024-07-11 11:57:50 Latest version is 1.6.5
2024-07-11 11:57:50 App is up to date.
2024-07-12 17:40:33 Loading main app package /usr/lib/obsidian/obsidian.asar
2024-07-12 17:40:53 Checking for update using Github
2024-07-12 17:40:54 Success.
2024-07-12 17:40:54 Latest version is 1.6.5
2024-07-12 17:40:54 App is up to date.
2024-07-12 18:40:33 Checking for update using Github
2024-07-12 18:40:33 Success.
2024-07-12 18:40:33 Latest version is 1.6.5
2024-07-12 18:40:33 App is up to date.
2024-07-12 19:40:33 Checking for update using Github
2024-07-12 19:40:33 Success.
2024-07-12 19:40:33 Latest version is 1.6.5
2024-07-12 19:40:33 App is up to date.
2024-07-12 20:40:33 Checking for update using Github
2024-07-12 20:40:33 Success.
2024-07-12 20:40:33 Latest version is 1.6.5
2024-07-12 20:40:33 App is up to date.
2024-07-12 21:40:33 Checking for update using Github
2024-07-12 21:40:33 Success.
2024-07-12 21:40:33 Latest version is 1.6.5
2024-07-12 21:40:33 App is up to date.
2024-07-12 22:18:54 Loading main app package /usr/lib/obsidian/obsidian.asar
2024-07-12 22:18:54 Checking for update using Github
2024-07-12 22:20:06 Failed to check for update using Github (net::ERR_NAME_NOT_RESOLVED)
2024-07-12 22:20:06 Checking for update using obsidian.md
2024-07-12 22:20:12 Failed to check for update using obsidian.md (net::ERR_NAME_NOT_RESOLVED)
2024-07-12 23:18:54 Checking for update using Github
2024-07-12 23:18:54 Success.
2024-07-12 23:18:54 Latest version is 1.6.5
2024-07-12 23:18:54 App is up to date.
2024-07-13 18:42:06 Loading main app package /usr/lib/obsidian/obsidian.asar
2024-07-13 18:42:06 Checking for update using Github
2024-07-13 18:42:06 Success.
2024-07-13 18:42:06 Latest version is 1.6.5
2024-07-13 18:42:06 App is up to date.
2024-07-13 19:42:06 Checking for update using Github
2024-07-13 19:42:06 Success.
2024-07-13 19:42:06 Latest version is 1.6.5
2024-07-13 19:42:06 App is up to date.
2024-07-13 20:42:06 Checking for update using Github
2024-07-13 20:42:06 Success.
2024-07-13 20:42:06 Latest version is 1.6.5
2024-07-13 20:42:06 App is up to date.
2024-07-13 21:42:06 Checking for update using Github
2024-07-13 21:42:07 Success.
2024-07-13 21:42:07 Latest version is 1.6.5
2024-07-13 21:42:07 App is up to date.
2024-07-13 22:42:06 Checking for update using Github
2024-07-13 22:42:06 Success.
2024-07-13 22:42:06 Latest version is 1.6.5
2024-07-13 22:42:06 App is up to date.
2024-07-13 23:42:06 Checking for update using Github
2024-07-13 23:42:06 Success.
2024-07-13 23:42:06 Latest version is 1.6.5
2024-07-13 23:42:06 App is up to date.
2024-07-14 00:42:06 Checking for update using Github
2024-07-14 00:42:06 Success.
2024-07-14 00:42:06 Latest version is 1.6.5
2024-07-14 00:42:06 App is up to date.
2024-07-14 01:42:06 Checking for update using Github
2024-07-14 01:42:06 Success.
2024-07-14 01:42:06 Latest version is 1.6.5
2024-07-14 01:42:06 App is up to date.
2024-07-14 02:42:06 Checking for update using Github
2024-07-14 02:42:07 Success.
2024-07-14 02:42:07 Latest version is 1.6.5
2024-07-14 02:42:07 App is up to date.
2024-07-14 03:42:06 Checking for update using Github
2024-07-14 03:42:07 Success.
2024-07-14 03:42:07 Latest version is 1.6.5
2024-07-14 03:42:07 App is up to date.
2024-07-14 04:42:07 Checking for update using Github
2024-07-14 04:42:07 Success.
2024-07-14 04:42:07 Latest version is 1.6.5
2024-07-14 04:42:07 App is up to date.
2024-07-14 05:42:07 Checking for update using Github
2024-07-14 05:42:07 Success.
2024-07-14 05:42:07 Latest version is 1.6.5
2024-07-14 05:42:07 App is up to date.
2024-07-14 12:45:32 Loading main app package /usr/lib/obsidian/obsidian.asar
2024-07-14 12:45:33 Checking for update using Github
2024-07-14 12:45:33 Success.
2024-07-14 12:45:33 Latest version is 1.6.5
2024-07-14 12:45:33 App is up to date.
2024-07-14 13:45:32 Checking for update using Github
2024-07-14 13:45:33 Success.
2024-07-14 13:45:33 Latest version is 1.6.5
2024-07-14 13:45:33 App is up to date.
2024-07-14 17:55:29 Loading main app package /usr/lib/obsidian/obsidian.asar
2024-07-14 17:55:29 Checking for update using Github
2024-07-14 17:55:30 Success.
2024-07-14 17:55:30 Latest version is 1.6.5
2024-07-14 17:55:30 App is up to date.
2024-07-14 18:55:29 Checking for update using Github
2024-07-14 18:55:29 Success.
2024-07-14 18:55:29 Latest version is 1.6.5
2024-07-14 18:55:29 App is up to date.
2024-07-14 19:55:29 Checking for update using Github
2024-07-14 19:55:29 Success.
2024-07-14 19:55:29 Latest version is 1.6.5
2024-07-14 19:55:29 App is up to date.
2024-07-14 20:55:29 Checking for update using Github
2024-07-14 20:55:29 Success.
2024-07-14 20:55:29 Latest version is 1.6.5
2024-07-14 20:55:29 App is up to date.
2024-07-14 21:55:29 Checking for update using Github
2024-07-14 21:55:29 Success.
2024-07-14 21:55:29 Latest version is 1.6.5
2024-07-14 21:55:29 App is up to date.
2024-07-14 22:55:29 Checking for update using Github
2024-07-14 22:55:29 Success.
2024-07-14 22:55:29 Latest version is 1.6.5
2024-07-14 22:55:29 App is up to date.
2024-07-14 23:55:29 Checking for update using Github
2024-07-14 23:55:29 Success.
2024-07-14 23:55:29 Latest version is 1.6.5
2024-07-14 23:55:29 App is up to date.
2024-07-15 00:55:29 Checking for update using Github
2024-07-15 00:55:30 Success.
2024-07-15 00:55:30 Latest version is 1.6.5
2024-07-15 00:55:30 App is up to date.
2024-07-15 11:33:25 Loading main app package /usr/lib/obsidian/obsidian.asar
2024-07-15 11:33:26 Checking for update using Github
2024-07-15 11:33:26 Success.
2024-07-15 11:33:26 Latest version is 1.6.5
2024-07-15 11:33:26 App is up to date.
2024-08-01 18:31:55 Loading main app package /usr/lib/obsidian/obsidian.asar
2024-08-01 18:31:55 Checking for update using Github
2024-08-01 18:31:55 Success.
2024-08-01 18:31:55 Latest version is 1.6.7
2024-08-01 18:31:55 Downloading update from https://github.com/obsidianmd/obsidian-releases/releases/download/v1.6.7/obsidian-1.6.7.asar.gz
2024-08-01 18:31:58 Verifying hash & signature. Size= 7993245
2024-08-01 18:31:58 Saving file
2024-08-01 18:31:58 Update complete.
2024-08-01 19:31:55 Checking for update using Github
2024-08-01 19:31:55 Success.
2024-08-01 19:31:55 Latest version is 1.6.7
2024-08-01 19:31:55 An update is already downloaded.
2024-08-01 20:31:55 Checking for update using Github
2024-08-01 20:31:55 Success.
2024-08-01 20:31:55 Latest version is 1.6.7
2024-08-01 20:31:55 An update is already downloaded.
2024-08-01 21:31:55 Checking for update using Github
2024-08-01 21:31:55 Success.
2024-08-01 21:31:55 Latest version is 1.6.7
2024-08-01 21:31:55 An update is already downloaded.
2024-08-01 22:31:55 Checking for update using Github
2024-08-01 22:31:55 Success.
2024-08-01 22:31:55 Latest version is 1.6.7
2024-08-01 22:31:55 An update is already downloaded.
2024-08-01 23:31:55 Checking for update using Github
2024-08-01 23:31:55 Success.
2024-08-01 23:31:55 Latest version is 1.6.7
2024-08-01 23:31:55 An update is already downloaded.
2024-08-02 00:31:55 Checking for update using Github
2024-08-02 00:31:55 Success.
2024-08-02 00:31:55 Latest version is 1.6.7
2024-08-02 00:31:55 An update is already downloaded.
2024-08-02 01:31:55 Checking for update using Github
2024-08-02 01:31:55 Success.
2024-08-02 01:31:55 Latest version is 1.6.7
2024-08-02 01:31:55 An update is already downloaded.
2024-08-02 02:31:55 Checking for update using Github
2024-08-02 02:31:55 Success.
2024-08-02 02:31:55 Latest version is 1.6.7
2024-08-02 02:31:55 An update is already downloaded.
2024-08-02 03:31:55 Checking for update using Github
2024-08-02 03:31:55 Success.
2024-08-02 03:31:55 Latest version is 1.6.7
2024-08-02 03:31:55 An update is already downloaded.
2024-08-02 04:31:55 Checking for update using Github
2024-08-02 04:31:56 Success.
2024-08-02 04:31:56 Latest version is 1.6.7
2024-08-02 04:31:56 An update is already downloaded.
2024-08-02 19:59:20 Loading updated app package /home/tommy/.config/obsidian/obsidian-1.6.7.asar
2024-08-02 19:59:20 Checking for update using Github
2024-08-02 19:59:21 Success.
2024-08-02 19:59:21 Latest version is 1.6.7
2024-08-02 19:59:21 App is up to date.
2024-08-02 20:59:20 Checking for update using Github
2024-08-02 20:59:21 Success.
2024-08-02 20:59:21 Latest version is 1.6.7
2024-08-02 20:59:21 App is up to date.
2024-08-02 21:59:20 Checking for update using Github
2024-08-02 21:59:20 Success.
2024-08-02 21:59:20 Latest version is 1.6.7
2024-08-02 21:59:20 App is up to date.
2024-08-02 22:59:20 Checking for update using Github
2024-08-02 22:59:22 Success.
2024-08-02 22:59:22 Latest version is 1.6.7
2024-08-02 22:59:22 App is up to date.
2024-08-02 23:59:20 Checking for update using Github
2024-08-02 23:59:20 Success.
2024-08-02 23:59:20 Latest version is 1.6.7
2024-08-02 23:59:20 App is up to date.
2024-08-03 00:59:20 Checking for update using Github
2024-08-03 00:59:20 Success.
2024-08-03 00:59:20 Latest version is 1.6.7
2024-08-03 00:59:20 App is up to date.
2024-08-03 01:59:20 Checking for update using Github
2024-08-03 01:59:21 Success.
2024-08-03 01:59:21 Latest version is 1.6.7
2024-08-03 01:59:21 App is up to date.
2024-08-03 02:59:21 Checking for update using Github
2024-08-03 02:59:21 Success.
2024-08-03 02:59:21 Latest version is 1.6.7
2024-08-03 02:59:21 App is up to date.
2024-08-03 03:59:21 Checking for update using Github
2024-08-03 03:59:21 Success.
2024-08-03 03:59:21 Latest version is 1.6.7
2024-08-03 03:59:21 App is up to date.
2024-08-03 04:59:21 Checking for update using Github
2024-08-03 04:59:21 Success.
2024-08-03 04:59:21 Latest version is 1.6.7
2024-08-03 04:59:21 App is up to date.
2024-08-03 05:59:21 Checking for update using Github
2024-08-03 05:59:21 Success.
2024-08-03 05:59:21 Latest version is 1.6.7
2024-08-03 05:59:21 App is up to date.
2024-08-03 06:59:21 Checking for update using Github
2024-08-03 06:59:21 Success.
2024-08-03 06:59:21 Latest version is 1.6.7
2024-08-03 06:59:21 App is up to date.
2024-08-03 07:59:21 Checking for update using Github
2024-08-03 07:59:21 Success.
2024-08-03 07:59:21 Latest version is 1.6.7
2024-08-03 07:59:21 App is up to date.
2024-08-03 08:59:21 Checking for update using Github
2024-08-03 08:59:21 Success.
2024-08-03 08:59:21 Latest version is 1.6.7
2024-08-03 08:59:21 App is up to date.
2024-08-03 09:59:21 Checking for update using Github
2024-08-03 09:59:21 Success.
2024-08-03 09:59:21 Latest version is 1.6.7
2024-08-03 09:59:21 App is up to date.
2024-08-03 10:59:21 Checking for update using Github
2024-08-03 10:59:21 Success.
2024-08-03 10:59:21 Latest version is 1.6.7
2024-08-03 10:59:21 App is up to date.
2024-08-17 15:56:02 Loading updated app package /home/tommy/.config/obsidian/obsidian-1.6.7.asar
2024-08-17 15:56:02 Checking for update using Github
2024-08-17 15:56:03 Success.
2024-08-17 15:56:03 Latest version is 1.6.7
2024-08-17 15:56:03 App is up to date.
2024-08-17 16:56:02 Checking for update using Github
2024-08-17 16:56:02 Success.
2024-08-17 16:56:02 Latest version is 1.6.7
2024-08-17 16:56:02 App is up to date.
2024-08-17 17:56:02 Checking for update using Github
2024-08-17 17:56:02 Failed to check for update using Github (net::ERR_INTERNET_DISCONNECTED)
2024-08-17 17:56:02 Checking for update using obsidian.md
2024-08-17 17:56:02 Failed to check for update using obsidian.md (net::ERR_INTERNET_DISCONNECTED)
2024-08-17 18:56:02 Checking for update using Github
2024-08-17 18:56:02 Success.
2024-08-17 18:56:02 Latest version is 1.6.7
2024-08-17 18:56:02 App is up to date.
2024-08-17 19:56:02 Checking for update using Github
2024-08-17 19:56:02 Success.
2024-08-17 19:56:02 Latest version is 1.6.7
2024-08-17 19:56:02 App is up to date.
2024-08-17 20:56:02 Checking for update using Github
2024-08-17 20:56:03 Success.
2024-08-17 20:56:03 Latest version is 1.6.7
2024-08-17 20:56:03 App is up to date.
2024-08-17 21:56:02 Checking for update using Github
2024-08-17 21:56:03 Success.
2024-08-17 21:56:03 Latest version is 1.6.7
2024-08-17 21:56:03 App is up to date.
2024-08-17 22:56:03 Checking for update using Github
2024-08-17 22:56:03 Success.
2024-08-17 22:56:03 Latest version is 1.6.7
2024-08-17 22:56:03 App is up to date.
2024-08-17 23:56:03 Checking for update using Github
2024-08-17 23:56:03 Success.
2024-08-17 23:56:03 Latest version is 1.6.7
2024-08-17 23:56:03 App is up to date.
2024-08-18 00:56:03 Checking for update using Github
2024-08-18 00:56:03 Success.
2024-08-18 00:56:03 Latest version is 1.6.7
2024-08-18 00:56:03 App is up to date.
2024-08-18 01:56:03 Checking for update using Github
2024-08-18 01:56:03 Success.
2024-08-18 01:56:03 Latest version is 1.6.7
2024-08-18 01:56:03 App is up to date.
2024-08-18 14:51:26 Loading updated app package /home/tommy/.config/obsidian/obsidian-1.6.7.asar
2024-08-18 14:51:26 Checking for update using Github
2024-08-18 14:51:27 Success.
2024-08-18 14:51:27 Latest version is 1.6.7
2024-08-18 14:51:27 App is up to date.
2024-08-18 15:51:26 Checking for update using Github
2024-08-18 15:51:26 Success.
2024-08-18 15:51:26 Latest version is 1.6.7
2024-08-18 15:51:26 App is up to date.
2024-08-18 16:51:26 Checking for update using Github
2024-08-18 16:51:26 Success.
2024-08-18 16:51:26 Latest version is 1.6.7
2024-08-18 16:51:26 App is up to date.
2024-08-18 17:51:26 Checking for update using Github
2024-08-18 17:51:26 Success.
2024-08-18 17:51:26 Latest version is 1.6.7
2024-08-18 17:51:26 App is up to date.
2024-08-18 18:51:26 Checking for update using Github
2024-08-18 18:51:26 Success.
2024-08-18 18:51:26 Latest version is 1.6.7
2024-08-18 18:51:26 App is up to date.
2024-08-18 19:51:26 Checking for update using Github
2024-08-18 19:51:26 Success.
2024-08-18 19:51:26 Latest version is 1.6.7
2024-08-18 19:51:26 App is up to date.
2024-08-18 20:51:26 Checking for update using Github
2024-08-18 20:51:26 Success.
2024-08-18 20:51:26 Latest version is 1.6.7
2024-08-18 20:51:26 App is up to date.
2024-08-18 21:51:26 Checking for update using Github
2024-08-18 21:51:27 Success.
2024-08-18 21:51:27 Latest version is 1.6.7
2024-08-18 21:51:27 App is up to date.
2024-08-18 22:51:27 Checking for update using Github
2024-08-18 22:51:27 Success.
2024-08-18 22:51:27 Latest version is 1.6.7
2024-08-18 22:51:27 App is up to date.
2024-08-18 23:51:27 Checking for update using Github
2024-08-18 23:51:27 Success.
2024-08-18 23:51:27 Latest version is 1.6.7
2024-08-18 23:51:27 App is up to date.
2024-08-19 00:51:27 Checking for update using Github
2024-08-19 00:51:27 Success.
2024-08-19 00:51:27 Latest version is 1.6.7
2024-08-19 00:51:27 App is up to date.
2024-08-20 15:18:41 Loading main app package /usr/lib/obsidian/obsidian.asar
2024-08-20 15:18:42 Checking for update using Github
2024-08-20 15:18:42 Success.
2024-08-20 15:18:42 Latest version is 1.6.7
2024-08-20 15:18:42 App is up to date.
2024-08-20 16:18:41 Checking for update using Github
2024-08-20 16:18:42 Success.
2024-08-20 16:18:42 Latest version is 1.6.7
2024-08-20 16:18:42 App is up to date.
2024-08-20 17:18:41 Checking for update using Github
2024-08-20 17:18:42 Success.
2024-08-20 17:18:42 Latest version is 1.6.7
2024-08-20 17:18:42 App is up to date.
2024-08-20 17:36:05 Loading main app package /usr/lib/obsidian/obsidian.asar
2024-08-20 17:36:05 Checking for update using Github
2024-08-20 17:36:06 Success.
2024-08-20 17:36:06 Latest version is 1.6.7
2024-08-20 17:36:06 App is up to date.
2024-08-20 18:36:05 Checking for update using Github
2024-08-20 18:36:05 Success.
2024-08-20 18:36:05 Latest version is 1.6.7
2024-08-20 18:36:05 App is up to date.
2024-08-20 19:36:05 Checking for update using Github
2024-08-20 19:36:05 Success.
2024-08-20 19:36:05 Latest version is 1.6.7
2024-08-20 19:36:05 App is up to date.
2024-08-20 20:36:05 Checking for update using Github
2024-08-20 20:36:05 Success.
2024-08-20 20:36:05 Latest version is 1.6.7
2024-08-20 20:36:05 App is up to date.
2024-08-20 21:36:05 Checking for update using Github
2024-08-20 21:36:05 Success.
2024-08-20 21:36:05 Latest version is 1.6.7
2024-08-20 21:36:05 App is up to date.
2024-08-20 22:36:05 Checking for update using Github
2024-08-20 22:36:06 Success.
2024-08-20 22:36:06 Latest version is 1.6.7
2024-08-20 22:36:06 App is up to date.
2024-08-20 23:36:05 Checking for update using Github
2024-08-20 23:36:06 Success.
2024-08-20 23:36:06 Latest version is 1.6.7
2024-08-20 23:36:06 App is up to date.
2024-08-21 00:36:06 Checking for update using Github
2024-08-21 00:36:06 Success.
2024-08-21 00:36:06 Latest version is 1.6.7
2024-08-21 00:36:06 App is up to date.
2024-08-21 01:36:06 Checking for update using Github
2024-08-21 01:36:06 Success.
2024-08-21 01:36:06 Latest version is 1.6.7
2024-08-21 01:36:06 App is up to date.
2024-08-21 02:36:06 Checking for update using Github
2024-08-21 02:36:06 Success.
2024-08-21 02:36:06 Latest version is 1.6.7
2024-08-21 02:36:06 App is up to date.
2024-08-21 03:36:06 Checking for update using Github
2024-08-21 03:36:06 Success.
2024-08-21 03:36:06 Latest version is 1.6.7
2024-08-21 03:36:06 App is up to date.
2024-08-21 04:36:06 Checking for update using Github
2024-08-21 04:36:06 Success.
2024-08-21 04:36:06 Latest version is 1.6.7
2024-08-21 04:36:06 App is up to date.
2024-08-21 05:36:06 Checking for update using Github
2024-08-21 05:36:06 Success.
2024-08-21 05:36:06 Latest version is 1.6.7
2024-08-21 05:36:06 App is up to date.
2024-08-21 12:24:38 Loading main app package /usr/lib/obsidian/obsidian.asar
2024-08-21 12:24:38 Checking for update using Github
2024-08-21 12:24:39 Success.
2024-08-21 12:24:39 Latest version is 1.6.7
2024-08-21 12:24:39 App is up to date.
2024-08-21 13:24:38 Checking for update using Github
2024-08-21 13:24:39 Success.
2024-08-21 13:24:39 Latest version is 1.6.7
2024-08-21 13:24:39 App is up to date.
2024-08-21 14:24:38 Checking for update using Github
2024-08-21 14:24:38 Success.
2024-08-21 14:24:38 Latest version is 1.6.7
2024-08-21 14:24:38 App is up to date.
2024-08-21 15:24:38 Checking for update using Github
2024-08-21 15:24:38 Success.
2024-08-21 15:24:38 Latest version is 1.6.7
2024-08-21 15:24:38 App is up to date.
2024-08-21 16:24:38 Checking for update using Github
2024-08-21 16:24:38 Success.
2024-08-21 16:24:38 Latest version is 1.6.7
2024-08-21 16:24:38 App is up to date.
2024-08-21 17:24:38 Checking for update using Github
2024-08-21 17:24:39 Success.
2024-08-21 17:24:39 Latest version is 1.6.7
2024-08-21 17:24:39 App is up to date.
2024-08-21 18:24:38 Checking for update using Github
2024-08-21 18:24:39 Success.
2024-08-21 18:24:39 Latest version is 1.6.7
2024-08-21 18:24:39 App is up to date.
2024-08-21 19:24:39 Checking for update using Github
2024-08-21 19:24:39 Success.
2024-08-21 19:24:39 Latest version is 1.6.7
2024-08-21 19:24:39 App is up to date.
2024-08-21 20:24:39 Checking for update using Github
2024-08-21 20:24:39 Success.
2024-08-21 20:24:39 Latest version is 1.6.7
2024-08-21 20:24:39 App is up to date.
2024-08-21 21:24:39 Checking for update using Github
2024-08-21 21:24:39 Success.
2024-08-21 21:24:39 Latest version is 1.6.7
2024-08-21 21:24:39 App is up to date.
2024-08-21 22:24:39 Checking for update using Github
2024-08-21 22:24:39 Success.
2024-08-21 22:24:39 Latest version is 1.6.7
2024-08-21 22:24:39 App is up to date.
2024-08-21 23:24:39 Checking for update using Github
2024-08-21 23:24:39 Success.
2024-08-21 23:24:39 Latest version is 1.6.7
2024-08-21 23:24:39 App is up to date.
2024-08-22 00:24:39 Checking for update using Github
2024-08-22 00:24:39 Success.
2024-08-22 00:24:39 Latest version is 1.6.7
2024-08-22 00:24:39 App is up to date.
2024-08-22 01:24:39 Checking for update using Github
2024-08-22 01:24:39 Success.
2024-08-22 01:24:39 Latest version is 1.6.7
2024-08-22 01:24:39 App is up to date.
2024-08-22 13:55:42 Loading main app package /usr/lib/obsidian/obsidian.asar
2024-08-22 13:55:42 Checking for update using Github
2024-08-22 13:55:42 Failed to check for update using Github (net::ERR_INTERNET_DISCONNECTED)
2024-08-22 13:55:42 Checking for update using obsidian.md
2024-08-22 13:55:42 Failed to check for update using obsidian.md (net::ERR_INTERNET_DISCONNECTED)
2024-08-22 14:55:42 Checking for update using Github
2024-08-22 14:55:42 Success.
2024-08-22 14:55:42 Latest version is 1.6.7
2024-08-22 14:55:42 App is up to date.
2024-08-22 15:55:42 Checking for update using Github
2024-08-22 15:55:42 Success.
2024-08-22 15:55:42 Latest version is 1.6.7
2024-08-22 15:55:42 App is up to date.
2024-08-22 16:55:42 Checking for update using Github
2024-08-22 16:55:42 Success.
2024-08-22 16:55:42 Latest version is 1.6.7
2024-08-22 16:55:42 App is up to date.
2024-08-22 17:55:42 Checking for update using Github
2024-08-22 17:55:42 Success.
2024-08-22 17:55:42 Latest version is 1.6.7
2024-08-22 17:55:42 App is up to date.
2024-08-22 18:55:42 Checking for update using Github
2024-08-22 18:55:42 Success.
2024-08-22 18:55:42 Latest version is 1.6.7
2024-08-22 18:55:42 App is up to date.
2024-08-22 19:55:42 Checking for update using Github
2024-08-22 19:55:43 Success.
2024-08-22 19:55:43 Latest version is 1.6.7
2024-08-22 19:55:43 App is up to date.
2024-08-22 20:55:42 Checking for update using Github
2024-08-22 20:55:43 Success.
2024-08-22 20:55:43 Latest version is 1.6.7
2024-08-22 20:55:43 App is up to date.
2024-08-22 21:55:42 Checking for update using Github
2024-08-22 21:55:43 Success.
2024-08-22 21:55:43 Latest version is 1.6.7
2024-08-22 21:55:43 App is up to date.
2024-08-22 22:55:42 Checking for update using Github
2024-08-22 22:55:43 Success.
2024-08-22 22:55:43 Latest version is 1.6.7
2024-08-22 22:55:43 App is up to date.
2024-08-22 23:55:43 Checking for update using Github
2024-08-22 23:55:43 Success.
2024-08-22 23:55:43 Latest version is 1.6.7
2024-08-22 23:55:43 App is up to date.
2024-08-23 00:55:43 Checking for update using Github
2024-08-23 00:55:43 Success.
2024-08-23 00:55:43 Latest version is 1.6.7
2024-08-23 00:55:43 App is up to date.
2024-08-27 20:39:26 Loading main app package /usr/lib/obsidian/obsidian.asar
2024-08-27 20:39:26 Checking for update using Github
2024-08-27 20:39:26 Success.
2024-08-27 20:39:26 Latest version is 1.6.7
2024-08-27 20:39:26 App is up to date.
2024-08-27 21:39:26 Checking for update using Github
2024-08-27 21:39:26 Success.
2024-08-27 21:39:26 Latest version is 1.6.7
2024-08-27 21:39:26 App is up to date.
2024-08-27 22:39:26 Checking for update using Github
2024-08-27 22:39:26 Success.
2024-08-27 22:39:26 Latest version is 1.6.7
2024-08-27 22:39:26 App is up to date.
2024-08-27 23:39:26 Checking for update using Github
2024-08-27 23:39:26 Success.
2024-08-27 23:39:26 Latest version is 1.6.7
2024-08-27 23:39:26 App is up to date.
2024-08-28 00:39:26 Checking for update using Github
2024-08-28 00:39:26 Success.
2024-08-28 00:39:26 Latest version is 1.6.7
2024-08-28 00:39:26 App is up to date.
2024-08-28 01:39:26 Checking for update using Github
2024-08-28 01:39:26 Success.
2024-08-28 01:39:26 Latest version is 1.6.7
2024-08-28 01:39:26 App is up to date.
2024-08-28 02:39:26 Checking for update using Github
2024-08-28 02:39:26 Success.
2024-08-28 02:39:26 Latest version is 1.6.7
2024-08-28 02:39:26 App is up to date.
2024-08-28 03:39:26 Checking for update using Github
2024-08-28 03:39:26 Success.
2024-08-28 03:39:26 Latest version is 1.6.7
2024-08-28 03:39:26 App is up to date.
2024-08-28 04:39:26 Checking for update using Github
2024-08-28 04:39:26 Success.
2024-08-28 04:39:26 Latest version is 1.6.7
2024-08-28 04:39:26 App is up to date.
2024-08-28 05:39:26 Checking for update using Github
2024-08-28 05:39:26 Success.
2024-08-28 05:39:26 Latest version is 1.6.7
2024-08-28 05:39:26 App is up to date.
2024-08-28 06:39:26 Checking for update using Github
2024-08-28 06:39:27 Success.
2024-08-28 06:39:27 Latest version is 1.6.7
2024-08-28 06:39:27 App is up to date.
2024-09-10 00:57:58 Loading main app package /usr/lib/obsidian/obsidian.asar
2024-09-10 00:57:58 Checking for update using Github
2024-09-10 00:57:59 Success.
2024-09-10 00:57:59 Latest version is 1.6.7
2024-09-10 00:57:59 App is up to date.
2024-09-11 13:45:25 Loading main app package /usr/lib/obsidian/obsidian.asar
2024-09-11 13:45:26 Checking for update using Github
2024-09-11 13:45:26 Success.
2024-09-11 13:45:26 Latest version is 1.6.7
2024-09-11 13:45:26 App is up to date.
2024-09-11 14:45:26 Checking for update using Github
2024-09-11 14:45:26 Success.
2024-09-11 14:45:26 Latest version is 1.6.7
2024-09-11 14:45:26 App is up to date.
2024-09-11 15:45:26 Checking for update using Github
2024-09-11 15:45:26 Success.
2024-09-11 15:45:26 Latest version is 1.6.7
2024-09-11 15:45:26 App is up to date.
2024-09-11 16:45:26 Checking for update using Github
2024-09-11 16:45:33 Success.
2024-09-11 16:45:33 Latest version is 1.6.7
2024-09-11 16:45:33 App is up to date.
2024-09-11 17:45:26 Checking for update using Github
2024-09-11 17:45:26 Success.
2024-09-11 17:45:26 Latest version is 1.6.7
2024-09-11 17:45:26 App is up to date.
2024-09-11 18:45:26 Checking for update using Github
2024-09-11 18:45:26 Success.
2024-09-11 18:45:26 Latest version is 1.6.7
2024-09-11 18:45:26 App is up to date.
2024-09-11 19:45:26 Checking for update using Github
2024-09-11 19:45:26 Success.
2024-09-11 19:45:26 Latest version is 1.6.7
2024-09-11 19:45:26 App is up to date.
2024-09-11 20:45:26 Checking for update using Github
2024-09-11 20:45:26 Success.
2024-09-11 20:45:26 Latest version is 1.6.7
2024-09-11 20:45:26 App is up to date.
2024-09-11 21:45:26 Checking for update using Github
2024-09-11 21:45:26 Success.
2024-09-11 21:45:26 Latest version is 1.6.7
2024-09-11 21:45:26 App is up to date.
2024-09-11 22:45:26 Checking for update using Github
2024-09-11 22:45:26 Success.
2024-09-11 22:45:26 Latest version is 1.6.7
2024-09-11 22:45:26 App is up to date.
2024-09-11 23:45:26 Checking for update using Github
2024-09-11 23:45:26 Success.
2024-09-11 23:45:26 Latest version is 1.6.7
2024-09-11 23:45:26 App is up to date.
2024-09-12 00:45:26 Checking for update using Github
2024-09-12 00:45:26 Success.
2024-09-12 00:45:26 Latest version is 1.6.7
2024-09-12 00:45:26 App is up to date.
2024-09-12 01:45:26 Checking for update using Github
2024-09-12 01:45:27 Success.
2024-09-12 01:45:27 Latest version is 1.6.7
2024-09-12 01:45:27 App is up to date.
2024-09-12 02:45:26 Checking for update using Github
2024-09-12 02:45:27 Success.
2024-09-12 02:45:27 Latest version is 1.6.7
2024-09-12 02:45:27 App is up to date.
2024-09-12 03:45:27 Checking for update using Github
2024-09-12 03:45:27 Success.
2024-09-12 03:45:27 Latest version is 1.6.7
2024-09-12 03:45:27 App is up to date.
2024-09-12 04:45:27 Checking for update using Github
2024-09-12 04:45:27 Success.
2024-09-12 04:45:27 Latest version is 1.6.7
2024-09-12 04:45:27 App is up to date.
2024-09-12 05:45:27 Checking for update using Github
2024-09-12 05:45:27 Success.
2024-09-12 05:45:27 Latest version is 1.6.7
2024-09-12 05:45:27 App is up to date.
2024-09-12 06:45:27 Checking for update using Github
2024-09-12 06:45:27 Success.
2024-09-12 06:45:27 Latest version is 1.6.7
2024-09-12 06:45:27 App is up to date.
2024-09-12 07:45:27 Checking for update using Github
2024-09-12 07:45:27 Success.
2024-09-12 07:45:27 Latest version is 1.6.7
2024-09-12 07:45:27 App is up to date.
2024-09-12 08:45:27 Checking for update using Github
2024-09-12 08:45:27 Success.
2024-09-12 08:45:27 Latest version is 1.6.7
2024-09-12 08:45:27 App is up to date.
2024-09-12 09:45:27 Checking for update using Github
2024-09-12 09:45:27 Success.
2024-09-12 09:45:27 Latest version is 1.6.7
2024-09-12 09:45:27 App is up to date.
2024-09-12 10:45:27 Checking for update using Github
2024-09-12 10:45:27 Success.
2024-09-12 10:45:27 Latest version is 1.6.7
2024-09-12 10:45:27 App is up to date.
2024-09-12 11:45:27 Checking for update using Github
2024-09-12 11:45:27 Success.
2024-09-12 11:45:27 Latest version is 1.6.7
2024-09-12 11:45:27 App is up to date.
2024-09-12 12:45:27 Checking for update using Github
2024-09-12 12:45:27 Success.
2024-09-12 12:45:27 Latest version is 1.6.7
2024-09-12 12:45:27 App is up to date.
2024-09-12 13:45:27 Checking for update using Github
2024-09-12 13:45:28 Success.
2024-09-12 13:45:28 Latest version is 1.6.7
2024-09-12 13:45:28 App is up to date.
2024-09-12 14:45:27 Checking for update using Github
2024-09-12 14:45:28 Success.
2024-09-12 14:45:28 Latest version is 1.6.7
2024-09-12 14:45:28 App is up to date.
2024-09-12 15:45:28 Checking for update using Github
2024-09-12 15:45:28 Success.
2024-09-12 15:45:28 Latest version is 1.6.7
2024-09-12 15:45:28 App is up to date.
2024-09-12 16:45:28 Checking for update using Github
2024-09-12 16:45:28 Success.
2024-09-12 16:45:28 Latest version is 1.6.7
2024-09-12 16:45:28 App is up to date.
2024-09-19 13:13:12 Loading main app package /usr/lib/obsidian/obsidian.asar
2024-09-19 13:13:13 Checking for update using Github
2024-09-19 13:13:13 Success.
2024-09-19 13:13:13 Latest version is 1.6.7
2024-09-19 13:13:13 App is up to date.
2024-09-19 14:13:12 Checking for update using Github
2024-09-19 14:13:13 Success.
2024-09-19 14:13:13 Latest version is 1.6.7
2024-09-19 14:13:13 App is up to date.
2024-09-19 15:13:13 Checking for update using Github
2024-09-19 15:13:13 Failed to check for update using Github (net::ERR_INTERNET_DISCONNECTED)
2024-09-19 15:13:13 Checking for update using obsidian.md
2024-09-19 15:13:13 Failed to check for update using obsidian.md (net::ERR_INTERNET_DISCONNECTED)
2024-09-19 16:13:13 Checking for update using Github
2024-09-19 16:13:13 Failed to check for update using Github (net::ERR_INTERNET_DISCONNECTED)
2024-09-19 16:13:13 Checking for update using obsidian.md
2024-09-19 16:13:13 Failed to check for update using obsidian.md (net::ERR_INTERNET_DISCONNECTED)
2024-09-20 09:18:50 Loading main app package /usr/lib/obsidian/obsidian.asar
2024-09-20 09:18:51 Checking for update using Github
2024-09-20 09:18:52 Success.
2024-09-20 09:18:52 Latest version is 1.6.7
2024-09-20 09:18:52 App is up to date.
2024-09-20 10:18:51 Checking for update using Github
2024-09-20 10:18:52 Success.
2024-09-20 10:18:52 Latest version is 1.6.7
2024-09-20 10:18:52 App is up to date.
2024-09-20 11:18:51 Checking for update using Github
2024-09-20 11:18:51 Failed to check for update using Github (net::ERR_INTERNET_DISCONNECTED)
2024-09-20 11:18:51 Checking for update using obsidian.md
2024-09-20 11:18:51 Failed to check for update using obsidian.md (net::ERR_INTERNET_DISCONNECTED)
2024-09-20 12:18:51 Checking for update using Github
2024-09-20 12:18:51 Failed to check for update using Github (net::ERR_INTERNET_DISCONNECTED)
2024-09-20 12:18:51 Checking for update using obsidian.md
2024-09-20 12:18:51 Failed to check for update using obsidian.md (net::ERR_INTERNET_DISCONNECTED)
2024-09-24 12:58:13 Loading main app package /usr/lib/obsidian/obsidian.asar
2024-09-24 12:58:13 Checking for update using Github
2024-09-24 12:58:14 Success.
2024-09-24 12:58:14 Latest version is 1.6.7
2024-09-24 12:58:14 App is up to date.
